[error 2010/06/21 21:46:33]:[database/DbUtilBase.php:113] [Resource id #95(0)] COMMIT
[error 2010/06/21 21:46:33]:[database/DbUtilBase.php:114] #2006 - MySQL server has gone away
[error 2010/06/21 21:46:56]:[database/DbUtilBase.php:113] [Resource id #95(0)] COMMIT
[error 2010/06/21 21:46:56]:[database/DbUtilBase.php:114] #2006 - MySQL server has gone away
[error 2010/06/21 21:47:05]:[database/DbUtilBase.php:113] [Resource id #95(0)] COMMIT
[error 2010/06/21 21:47:05]:[database/DbUtilBase.php:114] #2006 - MySQL server has gone away
[error 2010/06/21 21:47:16]:[database/DbUtilBase.php:113] [Resource id #95(0)] select wikistable.id as t0c0,wikistable.user_id as t0c1,wikistable.wiki_name as t0c2,wikistable.password as t0c3,wikistable.text as t0c4,wikistable.created_at as t0c5,wikistable.updated_at as t0c6,wikistable.delete_flag as t0c7,userstable.id as t1c8,userstable.user_id as t1c9,userstable.user_name as t1c10,userstable.email as t1c11,userstable.password as t1c12,userstable.image as t1c13,userstable.image_x as t1c14,userstable.image_y as t1c15,userstable.introduce_id as t1c16,userstable.private_flag as t1c17,userstable.last_login as t1c18,userstable.created_at as t1c19,userstable.updated_at as t1c20,userstable.delete_flag as t1c21,userstable.act_key as t1c22 from uta_wikis wikistable,uta_users userstable  where  wikistable.delete_flag  =  0  AND wikistable.user_id  =  userstable.id  ORDER BY wikistable.updated_at DESC
[error 2010/06/21 21:47:16]:[database/DbUtilBase.php:114] #2006 - MySQL server has gone away
[error 2010/06/21 21:49:13]:[database/DbUtilBase.php:113] [Resource id #116(2)] COMMIT
[error 2010/06/21 21:49:13]:[database/DbUtilBase.php:114] #2006 - MySQL server has gone away
[error 2010/06/21 21:49:13]:[database/DbUtilBase.php:113] [Resource id #112(1)] COMMIT
[error 2010/06/21 21:49:13]:[database/DbUtilBase.php:114] #2006 - MySQL server has gone away
[error 2010/06/21 21:49:13]:[database/DbUtilBase.php:113] [Resource id #95(0)] COMMIT
[error 2010/06/21 21:49:13]:[database/DbUtilBase.php:114] #2006 - MySQL server has gone away
[error 2010/06/21 21:49:25]:[database/DbUtilBase.php:113] [Resource id #95(0)] select wikistable.id as t0c0,wikistable.user_id as t0c1,wikistable.wiki_name as t0c2,wikistable.password as t0c3,wikistable.text as t0c4,wikistable.created_at as t0c5,wikistable.updated_at as t0c6,wikistable.delete_flag as t0c7,userstable.id as t1c8,userstable.user_id as t1c9,userstable.user_name as t1c10,userstable.email as t1c11,userstable.password as t1c12,userstable.image as t1c13,userstable.image_x as t1c14,userstable.image_y as t1c15,userstable.introduce_id as t1c16,userstable.private_flag as t1c17,userstable.last_login as t1c18,userstable.created_at as t1c19,userstable.updated_at as t1c20,userstable.delete_flag as t1c21,userstable.act_key as t1c22 from uta_wikis wikistable,uta_users userstable  where  wikistable.wiki_name  =  '電磁気学第一'  AND wikistable.user_id  =  userstable.id 
[error 2010/06/21 21:49:25]:[database/DbUtilBase.php:114] #2006 - MySQL server has gone away
[error 2010/06/21 21:49:50]:[database/DbUtilBase.php:113] [Resource id #95(0)] select wikistable.id as t0c0,wikistable.user_id as t0c1,wikistable.wiki_name as t0c2,wikistable.password as t0c3,wikistable.text as t0c4,wikistable.created_at as t0c5,wikistable.updated_at as t0c6,wikistable.delete_flag as t0c7,userstable.id as t1c8,userstable.user_id as t1c9,userstable.user_name as t1c10,userstable.email as t1c11,userstable.password as t1c12,userstable.image as t1c13,userstable.image_x as t1c14,userstable.image_y as t1c15,userstable.introduce_id as t1c16,userstable.private_flag as t1c17,userstable.last_login as t1c18,userstable.created_at as t1c19,userstable.updated_at as t1c20,userstable.delete_flag as t1c21,userstable.act_key as t1c22 from uta_wikis wikistable,uta_users userstable  where  wikistable.wiki_name  =  'プログラミング演習'  AND wikistable.user_id  =  userstable.id 
[error 2010/06/21 21:49:50]:[database/DbUtilBase.php:114] #2006 - MySQL server has gone away
[error 2010/06/21 21:50:12]:[database/DbUtilBase.php:113] [Resource id #111(1)] COMMIT
[error 2010/06/21 21:50:12]:[database/DbUtilBase.php:114] #2013 - Lost connection to MySQL server during query
[error 2010/06/21 21:51:26]:[database/DbUtilBase.php:113] [Resource id #95(0)] select wikistable.id as t0c0,wikistable.user_id as t0c1,wikistable.wiki_name as t0c2,wikistable.password as t0c3,wikistable.text as t0c4,wikistable.created_at as t0c5,wikistable.updated_at as t0c6,wikistable.delete_flag as t0c7,userstable.id as t1c8,userstable.user_id as t1c9,userstable.user_name as t1c10,userstable.email as t1c11,userstable.password as t1c12,userstable.image as t1c13,userstable.image_x as t1c14,userstable.image_y as t1c15,userstable.introduce_id as t1c16,userstable.private_flag as t1c17,userstable.last_login as t1c18,userstable.created_at as t1c19,userstable.updated_at as t1c20,userstable.delete_flag as t1c21,userstable.act_key as t1c22 from uta_wikis wikistable,uta_users userstable  where  wikistable.delete_flag  =  0  AND wikistable.user_id  =  userstable.id  ORDER BY wikistable.updated_at DESC
[error 2010/06/21 21:51:26]:[database/DbUtilBase.php:114] #2006 - MySQL server has gone away
[error 2010/06/21 21:51:54]:[database/DbUtilBase.php:113] [Resource id #95(0)] COMMIT
[error 2010/06/21 21:51:54]:[database/DbUtilBase.php:114] #2006 - MySQL server has gone away
