[error 2010/11/24 00:55:37]:[database/DbUtilBase.php:113] [Resource id #128(3)] COMMIT
[error 2010/11/24 00:55:37]:[database/DbUtilBase.php:114] #2006 - MySQL server has gone away
[error 2010/11/24 00:55:37]:[database/DbUtilBase.php:113] [Resource id #124(2)] COMMIT
[error 2010/11/24 00:55:37]:[database/DbUtilBase.php:114] #2006 - MySQL server has gone away
[error 2010/11/24 00:55:37]:[database/DbUtilBase.php:113] [Resource id #120(1)] COMMIT
[error 2010/11/24 00:55:37]:[database/DbUtilBase.php:114] #2006 - MySQL server has gone away
[error 2010/11/24 00:55:37]:[database/DbUtilBase.php:113] [Resource id #96(0)] COMMIT
[error 2010/11/24 00:55:37]:[database/DbUtilBase.php:114] #2006 - MySQL server has gone away
[error 2010/11/24 02:00:46]:[tag/TemplateParser.php:52] Notice</b>:  Undefined variable:  diff in <b>/home/utatanebiyori/public_html/library/WikiFormatter.php</b> on line <b>252</b><br />
[error 2010/11/24 02:02:03]:[tag/TemplateParser.php:52] Notice</b>:  Undefined variable:  nowdiff in <b>/home/utatanebiyori/public_html/library/WikiFormatter.php</b> on line <b>285</b><br />
[error 2010/11/24 10:40:42]:[database/DbUtilBase.php:113] [Resource id #128(3)] COMMIT
[error 2010/11/24 10:40:42]:[database/DbUtilBase.php:114] #2006 - MySQL server has gone away
[error 2010/11/24 10:40:42]:[database/DbUtilBase.php:113] [Resource id #124(2)] COMMIT
[error 2010/11/24 10:40:42]:[database/DbUtilBase.php:114] #2006 - MySQL server has gone away
[error 2010/11/24 10:40:42]:[database/DbUtilBase.php:113] [Resource id #120(1)] COMMIT
[error 2010/11/24 10:40:42]:[database/DbUtilBase.php:114] #2006 - MySQL server has gone away
[error 2010/11/24 10:40:42]:[database/DbUtilBase.php:113] [Resource id #96(0)] COMMIT
[error 2010/11/24 10:40:42]:[database/DbUtilBase.php:114] #2006 - MySQL server has gone away
[error 2010/11/24 11:04:26]:[tag/TemplateParser.php:52] Notice</b>:  Undefined variable:  nowdiff in <b>/home/utatanebiyori/public_html/library/WikiFormatter.php</b> on line <b>285</b><br />
[error 2010/11/24 22:27:08]:[tag/TemplateParser.php:52] Notice</b>:  Undefined variable:  diff in <b>/home/utatanebiyori/public_html/library/WikiFormatter.php</b> on line <b>252</b><br />
[error 2010/11/24 22:29:22]:[tag/TemplateParser.php:52] Notice</b>:  Undefined variable:  diff in <b>/home/utatanebiyori/public_html/library/WikiFormatter.php</b> on line <b>252</b><br />
[error 2010/11/24 22:30:28]:[tag/TemplateParser.php:52] Notice</b>:  Undefined variable:  diff in <b>/home/utatanebiyori/public_html/library/WikiFormatter.php</b> on line <b>252</b><br />
[error 2010/11/24 22:34:56]:[tag/TemplateParser.php:52] Notice</b>:  Undefined variable:  diff in <b>/home/utatanebiyori/public_html/library/WikiFormatter.php</b> on line <b>252</b><br />
[error 2010/11/24 22:36:04]:[tag/TemplateParser.php:52] Notice</b>:  Undefined variable:  diff in <b>/home/utatanebiyori/public_html/library/WikiFormatter.php</b> on line <b>252</b><br />
[error 2010/11/24 22:38:21]:[tag/TemplateParser.php:52] Notice</b>:  Undefined variable:  diff in <b>/home/utatanebiyori/public_html/library/WikiFormatter.php</b> on line <b>252</b><br />
[error 2010/11/24 22:50:31]:[tag/TemplateParser.php:52] Notice</b>:  Undefined variable:  diff in <b>/home/utatanebiyori/public_html/library/WikiFormatter.php</b> on line <b>252</b><br />
[error 2010/11/24 23:08:34]:[tag/TemplateParser.php:52] Notice</b>:  Undefined variable:  diff in <b>/home/utatanebiyori/public_html/library/WikiFormatter.php</b> on line <b>252</b><br />
[error 2010/11/24 23:13:06]:[tag/TemplateParser.php:52] Notice</b>:  Undefined variable:  diff in <b>/home/utatanebiyori/public_html/library/WikiFormatter.php</b> on line <b>252</b><br />
[error 2010/11/24 23:18:43]:[tag/TemplateParser.php:52] Notice</b>:  Undefined variable:  diff in <b>/home/utatanebiyori/public_html/library/WikiFormatter.php</b> on line <b>252</b><br />
[error 2010/11/24 23:25:36]:[tag/TemplateParser.php:52] Notice</b>:  Undefined variable:  source in <b>/home/utatanebiyori/public_html/library/WikiFormatter.php</b> on line <b>314</b><br />
[error 2010/11/24 23:52:27]:[tag/TemplateParser.php:52] Notice</b>:  Undefined variable:  source in <b>/home/utatanebiyori/public_html/library/WikiFormatter.php</b> on line <b>314</b><br />
[error 2010/11/24 23:56:49]:[tag/TemplateParser.php:52] Notice</b>:  Undefined variable:  source in <b>/home/utatanebiyori/public_html/library/WikiFormatter.php</b> on line <b>314</b><br />
[error 2010/11/24 23:57:51]:[tag/TemplateParser.php:52] Notice</b>:  Undefined variable:  source in <b>/home/utatanebiyori/public_html/library/WikiFormatter.php</b> on line <b>314</b><br />
