[error 2011/10/13 14:05:41]:[tag/TemplateParser.php:52] Notice</b>:  Undefined variable:  diff in <b>/home/utatanebiyori/public_html/library/WikiFormatter.php</b> on line <b>252</b><br />
[error 2011/10/13 14:19:53]:[tag/TemplateParser.php:52] Notice</b>:  Undefined variable:  source in <b>/home/utatanebiyori/public_html/library/WikiFormatter.php</b> on line <b>314</b><br />
[error 2011/10/13 14:29:31]:[tag/TemplateParser.php:52] Notice</b>:  Undefined variable:  source in <b>/home/utatanebiyori/public_html/library/WikiFormatter.php</b> on line <b>314</b><br />
[error 2011/10/13 14:50:10]:[tag/TemplateParser.php:52] Notice</b>:  Undefined variable:  source in <b>/home/utatanebiyori/public_html/library/WikiFormatter.php</b> on line <b>314</b><br />
[error 2011/10/13 18:28:00]:[database/DbUtilBase.php:113] [Resource id #128(3)] COMMIT
[error 2011/10/13 18:28:00]:[database/DbUtilBase.php:114] #2006 - MySQL server has gone away
[error 2011/10/13 18:28:00]:[database/DbUtilBase.php:113] [Resource id #124(2)] COMMIT
[error 2011/10/13 18:28:00]:[database/DbUtilBase.php:114] #2006 - MySQL server has gone away
[error 2011/10/13 18:28:00]:[database/DbUtilBase.php:113] [Resource id #120(1)] COMMIT
[error 2011/10/13 18:28:00]:[database/DbUtilBase.php:114] #2006 - MySQL server has gone away
[error 2011/10/13 18:28:00]:[database/DbUtilBase.php:113] [Resource id #96(0)] COMMIT
[error 2011/10/13 18:28:00]:[database/DbUtilBase.php:114] #2006 - MySQL server has gone away
[error 2011/10/13 18:31:52]:[database/DbUtilBase.php:113] [Resource id #124(2)] COMMIT
[error 2011/10/13 18:31:52]:[database/DbUtilBase.php:114] #2006 - MySQL server has gone away
[error 2011/10/13 18:31:52]:[database/DbUtilBase.php:113] [Resource id #120(1)] COMMIT
[error 2011/10/13 18:31:52]:[database/DbUtilBase.php:114] #2006 - MySQL server has gone away
[error 2011/10/13 18:31:52]:[database/DbUtilBase.php:113] [Resource id #96(0)] COMMIT
[error 2011/10/13 18:31:52]:[database/DbUtilBase.php:114] #2006 - MySQL server has gone away
[error 2011/10/13 21:20:34]:[tag/TemplateParser.php:52] Notice</b>:  Undefined variable:  nowdiff in <b>/home/utatanebiyori/public_html/library/WikiFormatter.php</b> on line <b>285</b><br />
[error 2011/10/13 21:24:09]:[tag/TemplateParser.php:52] Notice</b>:  Undefined variable:  nowdiff in <b>/home/utatanebiyori/public_html/library/WikiFormatter.php</b> on line <b>285</b><br />
[error 2011/10/13 21:25:19]:[tag/TemplateParser.php:52] Notice</b>:  Undefined variable:  nowdiff in <b>/home/utatanebiyori/public_html/library/WikiFormatter.php</b> on line <b>285</b><br />
[error 2011/10/13 21:28:51]:[tag/TemplateParser.php:52] Notice</b>:  Undefined variable:  nowdiff in <b>/home/utatanebiyori/public_html/library/WikiFormatter.php</b> on line <b>285</b><br />
[error 2011/10/13 21:41:55]:[tag/TemplateParser.php:52] Notice</b>:  Undefined variable:  nowdiff in <b>/home/utatanebiyori/public_html/library/WikiFormatter.php</b> on line <b>285</b><br />
[error 2011/10/13 21:49:39]:[tag/TemplateParser.php:52] Notice</b>:  Undefined variable:  nowdiff in <b>/home/utatanebiyori/public_html/library/WikiFormatter.php</b> on line <b>285</b><br />
[error 2011/10/13 22:19:57]:[tag/TemplateParser.php:52] Notice</b>:  Undefined variable:  nowdiff in <b>/home/utatanebiyori/public_html/library/WikiFormatter.php</b> on line <b>285</b><br />
