[error 2012/11/17 04:37:14]:[database/DbUtilBase.php:113] [Resource id #128(3)] COMMIT
[error 2012/11/17 04:37:14]:[database/DbUtilBase.php:114] #2006 - MySQL server has gone away
[error 2012/11/17 04:37:14]:[database/DbUtilBase.php:113] [Resource id #124(2)] COMMIT
[error 2012/11/17 04:37:14]:[database/DbUtilBase.php:114] #2006 - MySQL server has gone away
[error 2012/11/17 04:37:14]:[database/DbUtilBase.php:113] [Resource id #120(1)] COMMIT
[error 2012/11/17 04:37:14]:[database/DbUtilBase.php:114] #2006 - MySQL server has gone away
[error 2012/11/17 04:37:14]:[database/DbUtilBase.php:113] [Resource id #96(0)] COMMIT
[error 2012/11/17 04:37:14]:[database/DbUtilBase.php:114] #2006 - MySQL server has gone away
[error 2012/11/17 05:25:05]:[tag/TemplateParser.php:52] Notice</b>:  Undefined variable:  diff in <b>/home/utatanebiyori/public_html/library/WikiFormatter.php</b> on line <b>252</b><br />
[error 2012/11/17 05:25:38]:[tag/TemplateParser.php:52] Notice</b>:  Undefined variable:  diff in <b>/home/utatanebiyori/public_html/library/WikiFormatter.php</b> on line <b>252</b><br />
[error 2012/11/17 05:27:48]:[tag/TemplateParser.php:52] Notice</b>:  Undefined variable:  nowdiff in <b>/home/utatanebiyori/public_html/library/WikiFormatter.php</b> on line <b>285</b><br />
[error 2012/11/17 05:30:35]:[tag/TemplateParser.php:52] Notice</b>:  Undefined variable:  nowdiff in <b>/home/utatanebiyori/public_html/library/WikiFormatter.php</b> on line <b>285</b><br />
[error 2012/11/17 05:43:43]:[tag/TemplateParser.php:52] Notice</b>:  Undefined variable:  diff in <b>/home/utatanebiyori/public_html/library/WikiFormatter.php</b> on line <b>252</b><br />
[error 2012/11/17 05:52:42]:[tag/TemplateParser.php:52] Notice</b>:  Undefined variable:  diff in <b>/home/utatanebiyori/public_html/library/WikiFormatter.php</b> on line <b>252</b><br />
[error 2012/11/17 05:53:54]:[tag/TemplateParser.php:52] Notice</b>:  Undefined variable:  diff in <b>/home/utatanebiyori/public_html/library/WikiFormatter.php</b> on line <b>252</b><br />
[error 2012/11/17 05:58:31]:[tag/TemplateParser.php:52] Notice</b>:  Undefined variable:  diff in <b>/home/utatanebiyori/public_html/library/WikiFormatter.php</b> on line <b>252</b><br />
[error 2012/11/17 06:03:45]:[tag/TemplateParser.php:52] Notice</b>:  Undefined variable:  source in <b>/home/utatanebiyori/public_html/library/WikiFormatter.php</b> on line <b>314</b><br />
[error 2012/11/17 06:23:35]:[tag/TemplateParser.php:52] Notice</b>:  Undefined variable:  source in <b>/home/utatanebiyori/public_html/library/WikiFormatter.php</b> on line <b>314</b><br />
[error 2012/11/17 06:54:18]:[tag/TemplateParser.php:52] Notice</b>:  Undefined variable:  source in <b>/home/utatanebiyori/public_html/library/WikiFormatter.php</b> on line <b>314</b><br />
[error 2012/11/17 07:21:23]:[tag/TemplateParser.php:52] Notice</b>:  Undefined variable:  source in <b>/home/utatanebiyori/public_html/library/WikiFormatter.php</b> on line <b>314</b><br />
[error 2012/11/17 07:46:49]:[tag/TemplateParser.php:52] Notice</b>:  Undefined variable:  source in <b>/home/utatanebiyori/public_html/library/WikiFormatter.php</b> on line <b>314</b><br />
[error 2012/11/17 08:03:04]:[tag/TemplateParser.php:52] Notice</b>:  Undefined variable:  source in <b>/home/utatanebiyori/public_html/library/WikiFormatter.php</b> on line <b>314</b><br />
[error 2012/11/17 08:23:55]:[tag/TemplateParser.php:52] Notice</b>:  Undefined variable:  source in <b>/home/utatanebiyori/public_html/library/WikiFormatter.php</b> on line <b>314</b><br />
[error 2012/11/17 08:50:57]:[tag/TemplateParser.php:52] Notice</b>:  Undefined variable:  source in <b>/home/utatanebiyori/public_html/library/WikiFormatter.php</b> on line <b>314</b><br />
[error 2012/11/17 09:01:46]:[tag/TemplateParser.php:52] Notice</b>:  Undefined variable:  source in <b>/home/utatanebiyori/public_html/library/WikiFormatter.php</b> on line <b>314</b><br />
[error 2012/11/17 09:14:34]:[tag/TemplateParser.php:52] Notice</b>:  Undefined variable:  source in <b>/home/utatanebiyori/public_html/library/WikiFormatter.php</b> on line <b>314</b><br />
[error 2012/11/17 09:55:27]:[tag/TemplateParser.php:52] Notice</b>:  Undefined variable:  source in <b>/home/utatanebiyori/public_html/library/WikiFormatter.php</b> on line <b>314</b><br />
[error 2012/11/17 10:27:38]:[tag/TemplateParser.php:52] Notice</b>:  Undefined variable:  nowdiff in <b>/home/utatanebiyori/public_html/library/WikiFormatter.php</b> on line <b>285</b><br />
[error 2012/11/17 10:47:28]:[tag/TemplateParser.php:52] Notice</b>:  Undefined variable:  nowdiff in <b>/home/utatanebiyori/public_html/library/WikiFormatter.php</b> on line <b>285</b><br />
[error 2012/11/17 11:08:20]:[tag/TemplateParser.php:52] Notice</b>:  Undefined variable:  nowdiff in <b>/home/utatanebiyori/public_html/library/WikiFormatter.php</b> on line <b>285</b><br />
[error 2012/11/17 11:34:33]:[tag/TemplateParser.php:52] Notice</b>:  Undefined variable:  nowdiff in <b>/home/utatanebiyori/public_html/library/WikiFormatter.php</b> on line <b>285</b><br />
[error 2012/11/17 11:59:30]:[tag/TemplateParser.php:52] Notice</b>:  Undefined variable:  nowdiff in <b>/home/utatanebiyori/public_html/library/WikiFormatter.php</b> on line <b>285</b><br />
[error 2012/11/17 12:26:24]:[tag/TemplateParser.php:52] Notice</b>:  Undefined variable:  nowdiff in <b>/home/utatanebiyori/public_html/library/WikiFormatter.php</b> on line <b>285</b><br />
[error 2012/11/17 12:41:00]:[tag/TemplateParser.php:52] Notice</b>:  Undefined variable:  nowdiff in <b>/home/utatanebiyori/public_html/library/WikiFormatter.php</b> on line <b>285</b><br />
[error 2012/11/17 12:59:14]:[tag/TemplateParser.php:52] Notice</b>:  Undefined variable:  nowdiff in <b>/home/utatanebiyori/public_html/library/WikiFormatter.php</b> on line <b>285</b><br />
[error 2012/11/17 13:21:34]:[tag/TemplateParser.php:52] Notice</b>:  Undefined variable:  diff in <b>/home/utatanebiyori/public_html/library/WikiFormatter.php</b> on line <b>252</b><br />
[error 2012/11/17 14:39:25]:[tag/TemplateParser.php:52] Notice</b>:  Undefined variable:  source in <b>/home/utatanebiyori/public_html/library/WikiFormatter.php</b> on line <b>314</b><br />
[error 2012/11/17 18:11:54]:[database/DbUtilBase.php:113] [Resource id #128(3)] COMMIT
[error 2012/11/17 18:11:54]:[database/DbUtilBase.php:114] #2006 - MySQL server has gone away
[error 2012/11/17 18:11:54]:[database/DbUtilBase.php:113] [Resource id #124(2)] COMMIT
[error 2012/11/17 18:11:54]:[database/DbUtilBase.php:114] #2006 - MySQL server has gone away
[error 2012/11/17 18:11:54]:[database/DbUtilBase.php:113] [Resource id #120(1)] COMMIT
[error 2012/11/17 18:11:54]:[database/DbUtilBase.php:114] #2006 - MySQL server has gone away
[error 2012/11/17 18:11:54]:[database/DbUtilBase.php:113] [Resource id #96(0)] COMMIT
[error 2012/11/17 18:11:54]:[database/DbUtilBase.php:114] #2006 - MySQL server has gone away
[error 2012/11/17 18:40:23]:[tag/TemplateParser.php:52] Notice</b>:  Undefined variable:  source in <b>/home/utatanebiyori/public_html/library/WikiFormatter.php</b> on line <b>314</b><br />
