[error 2012/02/20 03:11:27]:[tag/TemplateParser.php:52] Notice</b>:  Undefined variable:  nowdiff in <b>/home/utatanebiyori/public_html/library/WikiFormatter.php</b> on line <b>285</b><br />
[error 2012/02/20 06:01:06]:[database/DbUtilBase.php:113] [Resource id #130(2)] COMMIT
[error 2012/02/20 06:01:06]:[database/DbUtilBase.php:114] #2006 - MySQL server has gone away
[error 2012/02/20 06:01:06]:[database/DbUtilBase.php:113] [Resource id #126(1)] COMMIT
[error 2012/02/20 06:01:06]:[database/DbUtilBase.php:114] #2006 - MySQL server has gone away
[error 2012/02/20 06:01:06]:[database/DbUtilBase.php:113] [Resource id #96(0)] COMMIT
[error 2012/02/20 06:01:06]:[database/DbUtilBase.php:114] #2006 - MySQL server has gone away
[error 2012/02/20 06:42:39]:[tag/TemplateParser.php:52] Notice</b>:  Undefined variable:  diff in <b>/home/utatanebiyori/public_html/library/WikiFormatter.php</b> on line <b>252</b><br />
[error 2012/02/20 06:43:39]:[tag/TemplateParser.php:52] Notice</b>:  Undefined variable:  diff in <b>/home/utatanebiyori/public_html/library/WikiFormatter.php</b> on line <b>252</b><br />
[error 2012/02/20 06:44:36]:[tag/TemplateParser.php:52] Notice</b>:  Undefined variable:  diff in <b>/home/utatanebiyori/public_html/library/WikiFormatter.php</b> on line <b>252</b><br />
[error 2012/02/20 06:45:30]:[tag/TemplateParser.php:52] Notice</b>:  Undefined variable:  diff in <b>/home/utatanebiyori/public_html/library/WikiFormatter.php</b> on line <b>252</b><br />
[error 2012/02/20 06:46:38]:[tag/TemplateParser.php:52] Notice</b>:  Undefined variable:  diff in <b>/home/utatanebiyori/public_html/library/WikiFormatter.php</b> on line <b>252</b><br />
[error 2012/02/20 06:48:56]:[tag/TemplateParser.php:52] Notice</b>:  Undefined variable:  source in <b>/home/utatanebiyori/public_html/library/WikiFormatter.php</b> on line <b>314</b><br />
[error 2012/02/20 06:49:58]:[tag/TemplateParser.php:52] Notice</b>:  Undefined variable:  source in <b>/home/utatanebiyori/public_html/library/WikiFormatter.php</b> on line <b>314</b><br />
[error 2012/02/20 06:50:49]:[tag/TemplateParser.php:52] Notice</b>:  Undefined variable:  source in <b>/home/utatanebiyori/public_html/library/WikiFormatter.php</b> on line <b>314</b><br />
[error 2012/02/20 06:52:22]:[tag/TemplateParser.php:52] Notice</b>:  Undefined variable:  source in <b>/home/utatanebiyori/public_html/library/WikiFormatter.php</b> on line <b>314</b><br />
[error 2012/02/20 06:53:52]:[tag/TemplateParser.php:52] Notice</b>:  Undefined variable:  source in <b>/home/utatanebiyori/public_html/library/WikiFormatter.php</b> on line <b>314</b><br />
[error 2012/02/20 06:54:38]:[tag/TemplateParser.php:52] Notice</b>:  Undefined variable:  nowdiff in <b>/home/utatanebiyori/public_html/library/WikiFormatter.php</b> on line <b>285</b><br />
[error 2012/02/20 06:55:25]:[tag/TemplateParser.php:52] Notice</b>:  Undefined variable:  nowdiff in <b>/home/utatanebiyori/public_html/library/WikiFormatter.php</b> on line <b>285</b><br />
[error 2012/02/20 06:56:12]:[tag/TemplateParser.php:52] Notice</b>:  Undefined variable:  nowdiff in <b>/home/utatanebiyori/public_html/library/WikiFormatter.php</b> on line <b>285</b><br />
[error 2012/02/20 06:57:57]:[tag/TemplateParser.php:52] Notice</b>:  Undefined variable:  nowdiff in <b>/home/utatanebiyori/public_html/library/WikiFormatter.php</b> on line <b>285</b><br />
[error 2012/02/20 06:58:57]:[tag/TemplateParser.php:52] Notice</b>:  Undefined variable:  nowdiff in <b>/home/utatanebiyori/public_html/library/WikiFormatter.php</b> on line <b>285</b><br />
[error 2012/02/20 07:01:41]:[tag/TemplateParser.php:52] Notice</b>:  Undefined variable:  diff in <b>/home/utatanebiyori/public_html/library/WikiFormatter.php</b> on line <b>252</b><br />
[error 2012/02/20 07:02:31]:[tag/TemplateParser.php:52] Notice</b>:  Undefined variable:  diff in <b>/home/utatanebiyori/public_html/library/WikiFormatter.php</b> on line <b>252</b><br />
[error 2012/02/20 07:03:18]:[tag/TemplateParser.php:52] Notice</b>:  Undefined variable:  diff in <b>/home/utatanebiyori/public_html/library/WikiFormatter.php</b> on line <b>252</b><br />
[error 2012/02/20 07:04:06]:[tag/TemplateParser.php:52] Notice</b>:  Undefined variable:  diff in <b>/home/utatanebiyori/public_html/library/WikiFormatter.php</b> on line <b>252</b><br />
[error 2012/02/20 07:04:51]:[tag/TemplateParser.php:52] Notice</b>:  Undefined variable:  diff in <b>/home/utatanebiyori/public_html/library/WikiFormatter.php</b> on line <b>252</b><br />
[error 2012/02/20 07:05:35]:[tag/TemplateParser.php:52] Notice</b>:  Undefined variable:  diff in <b>/home/utatanebiyori/public_html/library/WikiFormatter.php</b> on line <b>252</b><br />
[error 2012/02/20 07:06:17]:[tag/TemplateParser.php:52] Notice</b>:  Undefined variable:  diff in <b>/home/utatanebiyori/public_html/library/WikiFormatter.php</b> on line <b>252</b><br />
[error 2012/02/20 07:07:50]:[tag/TemplateParser.php:52] Notice</b>:  Undefined variable:  diff in <b>/home/utatanebiyori/public_html/library/WikiFormatter.php</b> on line <b>252</b><br />
[error 2012/02/20 07:09:15]:[tag/TemplateParser.php:52] Notice</b>:  Undefined variable:  diff in <b>/home/utatanebiyori/public_html/library/WikiFormatter.php</b> on line <b>252</b><br />
[error 2012/02/20 07:10:07]:[tag/TemplateParser.php:52] Notice</b>:  Undefined variable:  diff in <b>/home/utatanebiyori/public_html/library/WikiFormatter.php</b> on line <b>252</b><br />
[error 2012/02/20 07:10:56]:[tag/TemplateParser.php:52] Notice</b>:  Undefined variable:  diff in <b>/home/utatanebiyori/public_html/library/WikiFormatter.php</b> on line <b>252</b><br />
[error 2012/02/20 07:11:44]:[tag/TemplateParser.php:52] Notice</b>:  Undefined variable:  diff in <b>/home/utatanebiyori/public_html/library/WikiFormatter.php</b> on line <b>252</b><br />
[error 2012/02/20 07:12:30]:[tag/TemplateParser.php:52] Notice</b>:  Undefined variable:  diff in <b>/home/utatanebiyori/public_html/library/WikiFormatter.php</b> on line <b>252</b><br />
[error 2012/02/20 07:13:19]:[tag/TemplateParser.php:52] Notice</b>:  Undefined variable:  diff in <b>/home/utatanebiyori/public_html/library/WikiFormatter.php</b> on line <b>252</b><br />
[error 2012/02/20 07:13:57]:[tag/TemplateParser.php:52] Notice</b>:  Undefined variable:  diff in <b>/home/utatanebiyori/public_html/library/WikiFormatter.php</b> on line <b>252</b><br />
[error 2012/02/20 07:14:38]:[tag/TemplateParser.php:52] Notice</b>:  Undefined variable:  diff in <b>/home/utatanebiyori/public_html/library/WikiFormatter.php</b> on line <b>252</b><br />
[error 2012/02/20 07:15:24]:[tag/TemplateParser.php:52] Notice</b>:  Undefined variable:  diff in <b>/home/utatanebiyori/public_html/library/WikiFormatter.php</b> on line <b>252</b><br />
[error 2012/02/20 07:16:16]:[tag/TemplateParser.php:52] Notice</b>:  Undefined variable:  diff in <b>/home/utatanebiyori/public_html/library/WikiFormatter.php</b> on line <b>252</b><br />
[error 2012/02/20 07:17:08]:[tag/TemplateParser.php:52] Notice</b>:  Undefined variable:  diff in <b>/home/utatanebiyori/public_html/library/WikiFormatter.php</b> on line <b>252</b><br />
[error 2012/02/20 07:19:15]:[tag/TemplateParser.php:52] Notice</b>:  Undefined variable:  diff in <b>/home/utatanebiyori/public_html/library/WikiFormatter.php</b> on line <b>252</b><br />
[error 2012/02/20 07:21:29]:[tag/TemplateParser.php:52] Notice</b>:  Undefined variable:  source in <b>/home/utatanebiyori/public_html/library/WikiFormatter.php</b> on line <b>314</b><br />
[error 2012/02/20 07:22:23]:[tag/TemplateParser.php:52] Notice</b>:  Undefined variable:  source in <b>/home/utatanebiyori/public_html/library/WikiFormatter.php</b> on line <b>314</b><br />
[error 2012/02/20 07:23:15]:[tag/TemplateParser.php:52] Notice</b>:  Undefined variable:  source in <b>/home/utatanebiyori/public_html/library/WikiFormatter.php</b> on line <b>314</b><br />
[error 2012/02/20 07:24:04]:[tag/TemplateParser.php:52] Notice</b>:  Undefined variable:  source in <b>/home/utatanebiyori/public_html/library/WikiFormatter.php</b> on line <b>314</b><br />
[error 2012/02/20 07:24:50]:[tag/TemplateParser.php:52] Notice</b>:  Undefined variable:  source in <b>/home/utatanebiyori/public_html/library/WikiFormatter.php</b> on line <b>314</b><br />
[error 2012/02/20 07:25:38]:[tag/TemplateParser.php:52] Notice</b>:  Undefined variable:  source in <b>/home/utatanebiyori/public_html/library/WikiFormatter.php</b> on line <b>314</b><br />
[error 2012/02/20 07:27:51]:[tag/TemplateParser.php:52] Notice</b>:  Undefined variable:  source in <b>/home/utatanebiyori/public_html/library/WikiFormatter.php</b> on line <b>314</b><br />
[error 2012/02/20 07:28:42]:[tag/TemplateParser.php:52] Notice</b>:  Undefined variable:  source in <b>/home/utatanebiyori/public_html/library/WikiFormatter.php</b> on line <b>314</b><br />
[error 2012/02/20 07:30:23]:[tag/TemplateParser.php:52] Notice</b>:  Undefined variable:  source in <b>/home/utatanebiyori/public_html/library/WikiFormatter.php</b> on line <b>314</b><br />
[error 2012/02/20 07:31:34]:[tag/TemplateParser.php:52] Notice</b>:  Undefined variable:  source in <b>/home/utatanebiyori/public_html/library/WikiFormatter.php</b> on line <b>314</b><br />
[error 2012/02/20 07:32:22]:[tag/TemplateParser.php:52] Notice</b>:  Undefined variable:  source in <b>/home/utatanebiyori/public_html/library/WikiFormatter.php</b> on line <b>314</b><br />
[error 2012/02/20 07:33:08]:[tag/TemplateParser.php:52] Notice</b>:  Undefined variable:  source in <b>/home/utatanebiyori/public_html/library/WikiFormatter.php</b> on line <b>314</b><br />
[error 2012/02/20 07:33:52]:[tag/TemplateParser.php:52] Notice</b>:  Undefined variable:  source in <b>/home/utatanebiyori/public_html/library/WikiFormatter.php</b> on line <b>314</b><br />
[error 2012/02/20 07:34:36]:[tag/TemplateParser.php:52] Notice</b>:  Undefined variable:  source in <b>/home/utatanebiyori/public_html/library/WikiFormatter.php</b> on line <b>314</b><br />
[error 2012/02/20 07:35:19]:[tag/TemplateParser.php:52] Notice</b>:  Undefined variable:  source in <b>/home/utatanebiyori/public_html/library/WikiFormatter.php</b> on line <b>314</b><br />
[error 2012/02/20 07:36:03]:[tag/TemplateParser.php:52] Notice</b>:  Undefined variable:  source in <b>/home/utatanebiyori/public_html/library/WikiFormatter.php</b> on line <b>314</b><br />
[error 2012/02/20 07:36:42]:[tag/TemplateParser.php:52] Notice</b>:  Undefined variable:  source in <b>/home/utatanebiyori/public_html/library/WikiFormatter.php</b> on line <b>314</b><br />
[error 2012/02/20 07:37:25]:[tag/TemplateParser.php:52] Notice</b>:  Undefined variable:  source in <b>/home/utatanebiyori/public_html/library/WikiFormatter.php</b> on line <b>314</b><br />
[error 2012/02/20 07:39:14]:[tag/TemplateParser.php:52] Notice</b>:  Undefined variable:  source in <b>/home/utatanebiyori/public_html/library/WikiFormatter.php</b> on line <b>314</b><br />
[error 2012/02/20 07:40:12]:[tag/TemplateParser.php:52] Notice</b>:  Undefined variable:  nowdiff in <b>/home/utatanebiyori/public_html/library/WikiFormatter.php</b> on line <b>285</b><br />
[error 2012/02/20 07:41:02]:[tag/TemplateParser.php:52] Notice</b>:  Undefined variable:  nowdiff in <b>/home/utatanebiyori/public_html/library/WikiFormatter.php</b> on line <b>285</b><br />
[error 2012/02/20 07:41:49]:[tag/TemplateParser.php:52] Notice</b>:  Undefined variable:  nowdiff in <b>/home/utatanebiyori/public_html/library/WikiFormatter.php</b> on line <b>285</b><br />
[error 2012/02/20 07:42:34]:[tag/TemplateParser.php:52] Notice</b>:  Undefined variable:  nowdiff in <b>/home/utatanebiyori/public_html/library/WikiFormatter.php</b> on line <b>285</b><br />
[error 2012/02/20 07:43:19]:[tag/TemplateParser.php:52] Notice</b>:  Undefined variable:  nowdiff in <b>/home/utatanebiyori/public_html/library/WikiFormatter.php</b> on line <b>285</b><br />
[error 2012/02/20 07:44:03]:[tag/TemplateParser.php:52] Notice</b>:  Undefined variable:  nowdiff in <b>/home/utatanebiyori/public_html/library/WikiFormatter.php</b> on line <b>285</b><br />
[error 2012/02/20 07:44:44]:[tag/TemplateParser.php:52] Notice</b>:  Undefined variable:  nowdiff in <b>/home/utatanebiyori/public_html/library/WikiFormatter.php</b> on line <b>285</b><br />
[error 2012/02/20 07:45:25]:[tag/TemplateParser.php:52] Notice</b>:  Undefined variable:  nowdiff in <b>/home/utatanebiyori/public_html/library/WikiFormatter.php</b> on line <b>285</b><br />
[error 2012/02/20 07:46:04]:[tag/TemplateParser.php:52] Notice</b>:  Undefined variable:  nowdiff in <b>/home/utatanebiyori/public_html/library/WikiFormatter.php</b> on line <b>285</b><br />
[error 2012/02/20 07:46:41]:[tag/TemplateParser.php:52] Notice</b>:  Undefined variable:  nowdiff in <b>/home/utatanebiyori/public_html/library/WikiFormatter.php</b> on line <b>285</b><br />
[error 2012/02/20 07:47:18]:[tag/TemplateParser.php:52] Notice</b>:  Undefined variable:  nowdiff in <b>/home/utatanebiyori/public_html/library/WikiFormatter.php</b> on line <b>285</b><br />
[error 2012/02/20 07:47:56]:[tag/TemplateParser.php:52] Notice</b>:  Undefined variable:  nowdiff in <b>/home/utatanebiyori/public_html/library/WikiFormatter.php</b> on line <b>285</b><br />
[error 2012/02/20 07:48:32]:[tag/TemplateParser.php:52] Notice</b>:  Undefined variable:  nowdiff in <b>/home/utatanebiyori/public_html/library/WikiFormatter.php</b> on line <b>285</b><br />
[error 2012/02/20 07:49:08]:[tag/TemplateParser.php:52] Notice</b>:  Undefined variable:  nowdiff in <b>/home/utatanebiyori/public_html/library/WikiFormatter.php</b> on line <b>285</b><br />
[error 2012/02/20 07:49:44]:[tag/TemplateParser.php:52] Notice</b>:  Undefined variable:  nowdiff in <b>/home/utatanebiyori/public_html/library/WikiFormatter.php</b> on line <b>285</b><br />
[error 2012/02/20 07:50:17]:[tag/TemplateParser.php:52] Notice</b>:  Undefined variable:  nowdiff in <b>/home/utatanebiyori/public_html/library/WikiFormatter.php</b> on line <b>285</b><br />
[error 2012/02/20 07:50:48]:[tag/TemplateParser.php:52] Notice</b>:  Undefined variable:  nowdiff in <b>/home/utatanebiyori/public_html/library/WikiFormatter.php</b> on line <b>285</b><br />
[error 2012/02/20 07:51:49]:[tag/TemplateParser.php:52] Notice</b>:  Undefined variable:  nowdiff in <b>/home/utatanebiyori/public_html/library/WikiFormatter.php</b> on line <b>285</b><br />
[error 2012/02/20 07:53:30]:[tag/TemplateParser.php:52] Notice</b>:  Undefined variable:  nowdiff in <b>/home/utatanebiyori/public_html/library/WikiFormatter.php</b> on line <b>285</b><br />
[error 2012/02/20 07:54:20]:[tag/TemplateParser.php:52] Notice</b>:  Undefined variable:  nowdiff in <b>/home/utatanebiyori/public_html/library/WikiFormatter.php</b> on line <b>285</b><br />
[error 2012/02/20 11:53:48]:[tag/TemplateParser.php:52] Notice</b>:  Undefined variable:  source in <b>/home/utatanebiyori/public_html/library/WikiFormatter.php</b> on line <b>314</b><br />
[error 2012/02/20 15:53:52]:[tag/TemplateParser.php:52] Notice</b>:  Undefined variable:  diff in <b>/home/utatanebiyori/public_html/library/WikiFormatter.php</b> on line <b>252</b><br />
[error 2012/02/20 16:36:09]:[tag/TemplateParser.php:52] Notice</b>:  Undefined variable:  source in <b>/home/utatanebiyori/public_html/library/WikiFormatter.php</b> on line <b>314</b><br />
[error 2012/02/20 16:46:23]:[tag/TemplateParser.php:52] Notice</b>:  Undefined variable:  nowdiff in <b>/home/utatanebiyori/public_html/library/WikiFormatter.php</b> on line <b>285</b><br />
